{"C:\\Users\\9480M\\Desktop\\nodejs-programming-challenge\\dist\\models\\booking.js": {"path":"C:\\Users\\9480M\\Desktop\\nodejs-programming-challenge\\dist\\models\\booking.js","statementMap":{"0":{"start":{"line":3,"column":17},"end":{"line":3,"column":36}},"1":{"start":{"line":5,"column":15},"end":{"line":5,"column":30}},"2":{"start":{"line":6,"column":22},"end":{"line":35,"column":2}},"3":{"start":{"line":36,"column":0},"end":{"line":36,"column":58}}},"fnMap":{},"branchMap":{},"s":{"0":1,"1":1,"2":1,"3":1},"f":{},"b":{},"_coverageSchema":"43e27e138ebf9cfc5966b082cf9a028302ed4184","hash":"a6f13e6251920621eb57b1f6f3a5c6f623e04464"}
,"C:\\Users\\9480M\\Desktop\\nodejs-programming-challenge\\dist\\models\\driverlocation.js": {"path":"C:\\Users\\9480M\\Desktop\\nodejs-programming-challenge\\dist\\models\\driverlocation.js","statementMap":{"0":{"start":{"line":3,"column":17},"end":{"line":3,"column":36}},"1":{"start":{"line":5,"column":15},"end":{"line":5,"column":30}},"2":{"start":{"line":6,"column":22},"end":{"line":22,"column":2}},"3":{"start":{"line":23,"column":0},"end":{"line":23,"column":65}}},"fnMap":{},"branchMap":{},"s":{"0":1,"1":1,"2":1,"3":1},"f":{},"b":{},"_coverageSchema":"43e27e138ebf9cfc5966b082cf9a028302ed4184","hash":"ef50d94e67e69e718ff316f6bfb01c522a3671bf"}
,"C:\\Users\\9480M\\Desktop\\nodejs-programming-challenge\\dist\\models\\drivers.js": {"path":"C:\\Users\\9480M\\Desktop\\nodejs-programming-challenge\\dist\\models\\drivers.js","statementMap":{"0":{"start":{"line":3,"column":17},"end":{"line":3,"column":36}},"1":{"start":{"line":5,"column":15},"end":{"line":5,"column":30}},"2":{"start":{"line":6,"column":22},"end":{"line":50,"column":2}},"3":{"start":{"line":51,"column":0},"end":{"line":51,"column":57}}},"fnMap":{},"branchMap":{},"s":{"0":1,"1":1,"2":1,"3":1},"f":{},"b":{},"_coverageSchema":"43e27e138ebf9cfc5966b082cf9a028302ed4184","hash":"74d1ebae14cd3d19bc22c275c275e16b295d6b0c"}
,"C:\\Users\\9480M\\Desktop\\nodejs-programming-challenge\\dist\\models\\user.js": {"path":"C:\\Users\\9480M\\Desktop\\nodejs-programming-challenge\\dist\\models\\user.js","statementMap":{"0":{"start":{"line":3,"column":17},"end":{"line":3,"column":36}},"1":{"start":{"line":5,"column":15},"end":{"line":5,"column":30}},"2":{"start":{"line":6,"column":19},"end":{"line":20,"column":2}},"3":{"start":{"line":21,"column":0},"end":{"line":21,"column":52}}},"fnMap":{},"branchMap":{},"s":{"0":1,"1":1,"2":1,"3":1},"f":{},"b":{},"_coverageSchema":"43e27e138ebf9cfc5966b082cf9a028302ed4184","hash":"80eddcc6f3c02ddb86a8029a57accf935dce492e"}
,"C:\\Users\\9480M\\Desktop\\nodejs-programming-challenge\\dist\\test\\model\\distancefunction.js": {"path":"C:\\Users\\9480M\\Desktop\\nodejs-programming-challenge\\dist\\test\\model\\distancefunction.js","statementMap":{"0":{"start":{"line":3,"column":17},"end":{"line":31,"column":1}},"1":{"start":{"line":4,"column":2},"end":{"line":30,"column":3}},"2":{"start":{"line":5,"column":4},"end":{"line":5,"column":13}},"3":{"start":{"line":7,"column":18},"end":{"line":7,"column":38}},"4":{"start":{"line":8,"column":18},"end":{"line":8,"column":38}},"5":{"start":{"line":9,"column":16},"end":{"line":9,"column":27}},"6":{"start":{"line":10,"column":19},"end":{"line":10,"column":40}},"7":{"start":{"line":11,"column":15},"end":{"line":11,"column":113}},"8":{"start":{"line":13,"column":4},"end":{"line":15,"column":5}},"9":{"start":{"line":14,"column":6},"end":{"line":14,"column":15}},"10":{"start":{"line":17,"column":4},"end":{"line":17,"column":27}},"11":{"start":{"line":18,"column":4},"end":{"line":18,"column":32}},"12":{"start":{"line":19,"column":4},"end":{"line":19,"column":30}},"13":{"start":{"line":21,"column":4},"end":{"line":23,"column":5}},"14":{"start":{"line":22,"column":6},"end":{"line":22,"column":29}},"15":{"start":{"line":25,"column":4},"end":{"line":27,"column":5}},"16":{"start":{"line":26,"column":6},"end":{"line":26,"column":27}},"17":{"start":{"line":29,"column":4},"end":{"line":29,"column":16}},"18":{"start":{"line":33,"column":0},"end":{"line":33,"column":26}}},"fnMap":{"0":{"name":"(anonymous_0)","decl":{"start":{"line":3,"column":17},"end":{"line":3,"column":18}},"loc":{"start":{"line":3,"column":51},"end":{"line":31,"column":1}},"line":3}},"branchMap":{"0":{"loc":{"start":{"line":4,"column":2},"end":{"line":30,"column":3}},"type":"if","locations":[{"start":{"line":4,"column":2},"end":{"line":30,"column":3}},{"start":{"line":4,"column":2},"end":{"line":30,"column":3}}],"line":4},"1":{"loc":{"start":{"line":4,"column":6},"end":{"line":4,"column":34}},"type":"binary-expr","locations":[{"start":{"line":4,"column":6},"end":{"line":4,"column":18}},{"start":{"line":4,"column":22},"end":{"line":4,"column":34}}],"line":4},"2":{"loc":{"start":{"line":13,"column":4},"end":{"line":15,"column":5}},"type":"if","locations":[{"start":{"line":13,"column":4},"end":{"line":15,"column":5}},{"start":{"line":13,"column":4},"end":{"line":15,"column":5}}],"line":13},"3":{"loc":{"start":{"line":21,"column":4},"end":{"line":23,"column":5}},"type":"if","locations":[{"start":{"line":21,"column":4},"end":{"line":23,"column":5}},{"start":{"line":21,"column":4},"end":{"line":23,"column":5}}],"line":21},"4":{"loc":{"start":{"line":25,"column":4},"end":{"line":27,"column":5}},"type":"if","locations":[{"start":{"line":25,"column":4},"end":{"line":27,"column":5}},{"start":{"line":25,"column":4},"end":{"line":27,"column":5}}],"line":25}},"s":{"0":1,"1":1,"2":0,"3":1,"4":1,"5":1,"6":1,"7":1,"8":1,"9":0,"10":1,"11":1,"12":1,"13":1,"14":1,"15":1,"16":0,"17":1,"18":1},"f":{"0":1},"b":{"0":[0,1],"1":[1,0],"2":[0,1],"3":[1,0],"4":[0,1]},"_coverageSchema":"43e27e138ebf9cfc5966b082cf9a028302ed4184","hash":"590dc4003f174cf797f16edd8dad7789dfc82b6c"}
,"C:\\Users\\9480M\\Desktop\\nodejs-programming-challenge\\src\\models\\booking.js": {"path":"C:\\Users\\9480M\\Desktop\\nodejs-programming-challenge\\src\\models\\booking.js","statementMap":{"0":{"start":{"line":1,"column":17},"end":{"line":1,"column":36}},"1":{"start":{"line":3,"column":15},"end":{"line":3,"column":30}},"2":{"start":{"line":5,"column":22},"end":{"line":34,"column":2}},"3":{"start":{"line":36,"column":0},"end":{"line":36,"column":58}}},"fnMap":{},"branchMap":{},"s":{"0":1,"1":1,"2":1,"3":1},"f":{},"b":{},"_coverageSchema":"43e27e138ebf9cfc5966b082cf9a028302ed4184","hash":"46a3e84be25da02ba5a51930d9bd88b1eea06998"}
,"C:\\Users\\9480M\\Desktop\\nodejs-programming-challenge\\src\\models\\driverlocation.js": {"path":"C:\\Users\\9480M\\Desktop\\nodejs-programming-challenge\\src\\models\\driverlocation.js","statementMap":{"0":{"start":{"line":1,"column":17},"end":{"line":1,"column":36}},"1":{"start":{"line":3,"column":15},"end":{"line":3,"column":30}},"2":{"start":{"line":5,"column":22},"end":{"line":23,"column":1}},"3":{"start":{"line":25,"column":0},"end":{"line":25,"column":65}}},"fnMap":{},"branchMap":{},"s":{"0":1,"1":1,"2":1,"3":1},"f":{},"b":{},"_coverageSchema":"43e27e138ebf9cfc5966b082cf9a028302ed4184","hash":"b7a820f2d702c217b0327796ced8637730fc1e9d"}
,"C:\\Users\\9480M\\Desktop\\nodejs-programming-challenge\\src\\models\\drivers.js": {"path":"C:\\Users\\9480M\\Desktop\\nodejs-programming-challenge\\src\\models\\drivers.js","statementMap":{"0":{"start":{"line":1,"column":17},"end":{"line":1,"column":36}},"1":{"start":{"line":3,"column":15},"end":{"line":3,"column":30}},"2":{"start":{"line":5,"column":22},"end":{"line":49,"column":2}},"3":{"start":{"line":51,"column":0},"end":{"line":51,"column":57}}},"fnMap":{},"branchMap":{},"s":{"0":1,"1":1,"2":1,"3":1},"f":{},"b":{},"_coverageSchema":"43e27e138ebf9cfc5966b082cf9a028302ed4184","hash":"44fb64782e12349fcab6209dbac89c9df3d79dcc"}
,"C:\\Users\\9480M\\Desktop\\nodejs-programming-challenge\\src\\models\\user.js": {"path":"C:\\Users\\9480M\\Desktop\\nodejs-programming-challenge\\src\\models\\user.js","statementMap":{"0":{"start":{"line":1,"column":17},"end":{"line":1,"column":36}},"1":{"start":{"line":3,"column":15},"end":{"line":3,"column":30}},"2":{"start":{"line":5,"column":19},"end":{"line":21,"column":2}},"3":{"start":{"line":23,"column":0},"end":{"line":23,"column":52}}},"fnMap":{},"branchMap":{},"s":{"0":1,"1":1,"2":1,"3":1},"f":{},"b":{},"_coverageSchema":"43e27e138ebf9cfc5966b082cf9a028302ed4184","hash":"473820dd057a7c7e69a45c47d317b00dc4a33889"}
,"C:\\Users\\9480M\\Desktop\\nodejs-programming-challenge\\src\\test\\model\\distancefunction.js": {"path":"C:\\Users\\9480M\\Desktop\\nodejs-programming-challenge\\src\\test\\model\\distancefunction.js","statementMap":{"0":{"start":{"line":1,"column":17},"end":{"line":25,"column":1}},"1":{"start":{"line":2,"column":1},"end":{"line":24,"column":2}},"2":{"start":{"line":3,"column":2},"end":{"line":3,"column":11}},"3":{"start":{"line":6,"column":16},"end":{"line":6,"column":36}},"4":{"start":{"line":7,"column":16},"end":{"line":7,"column":36}},"5":{"start":{"line":8,"column":14},"end":{"line":8,"column":25}},"6":{"start":{"line":9,"column":17},"end":{"line":9,"column":38}},"7":{"start":{"line":10,"column":13},"end":{"line":10,"column":111}},"8":{"start":{"line":11,"column":2},"end":{"line":13,"column":3}},"9":{"start":{"line":12,"column":3},"end":{"line":12,"column":12}},"10":{"start":{"line":14,"column":2},"end":{"line":14,"column":25}},"11":{"start":{"line":15,"column":2},"end":{"line":15,"column":30}},"12":{"start":{"line":16,"column":2},"end":{"line":16,"column":28}},"13":{"start":{"line":17,"column":2},"end":{"line":19,"column":3}},"14":{"start":{"line":18,"column":3},"end":{"line":18,"column":26}},"15":{"start":{"line":20,"column":2},"end":{"line":22,"column":3}},"16":{"start":{"line":21,"column":3},"end":{"line":21,"column":24}},"17":{"start":{"line":23,"column":2},"end":{"line":23,"column":14}},"18":{"start":{"line":27,"column":0},"end":{"line":27,"column":26}}},"fnMap":{"0":{"name":"(anonymous_0)","decl":{"start":{"line":1,"column":17},"end":{"line":1,"column":18}},"loc":{"start":{"line":1,"column":51},"end":{"line":25,"column":1}},"line":1}},"branchMap":{"0":{"loc":{"start":{"line":2,"column":1},"end":{"line":24,"column":2}},"type":"if","locations":[{"start":{"line":2,"column":1},"end":{"line":24,"column":2}},{"start":{"line":2,"column":1},"end":{"line":24,"column":2}}],"line":2},"1":{"loc":{"start":{"line":2,"column":5},"end":{"line":2,"column":33}},"type":"binary-expr","locations":[{"start":{"line":2,"column":5},"end":{"line":2,"column":17}},{"start":{"line":2,"column":21},"end":{"line":2,"column":33}}],"line":2},"2":{"loc":{"start":{"line":11,"column":2},"end":{"line":13,"column":3}},"type":"if","locations":[{"start":{"line":11,"column":2},"end":{"line":13,"column":3}},{"start":{"line":11,"column":2},"end":{"line":13,"column":3}}],"line":11},"3":{"loc":{"start":{"line":17,"column":2},"end":{"line":19,"column":3}},"type":"if","locations":[{"start":{"line":17,"column":2},"end":{"line":19,"column":3}},{"start":{"line":17,"column":2},"end":{"line":19,"column":3}}],"line":17},"4":{"loc":{"start":{"line":20,"column":2},"end":{"line":22,"column":3}},"type":"if","locations":[{"start":{"line":20,"column":2},"end":{"line":22,"column":3}},{"start":{"line":20,"column":2},"end":{"line":22,"column":3}}],"line":20}},"s":{"0":1,"1":2,"2":0,"3":2,"4":2,"5":2,"6":2,"7":2,"8":2,"9":0,"10":2,"11":2,"12":2,"13":2,"14":2,"15":2,"16":0,"17":2,"18":1},"f":{"0":2},"b":{"0":[0,2],"1":[2,0],"2":[0,2],"3":[2,0],"4":[0,2]},"_coverageSchema":"43e27e138ebf9cfc5966b082cf9a028302ed4184","hash":"aea69f7a2972c3a059a0c21e731ef25aa0ab6e66"}
}
