TN:
SF:C:\Users\9480M\Desktop\nodejs-programming-challenge\dist\models\booking.js
FNF:0
FNH:0
DA:3,1
DA:5,1
DA:6,1
DA:36,1
LF:4
LH:4
BRF:0
BRH:0
end_of_record
TN:
SF:C:\Users\9480M\Desktop\nodejs-programming-challenge\dist\models\driverlocation.js
FNF:0
FNH:0
DA:3,1
DA:5,1
DA:6,1
DA:23,1
LF:4
LH:4
BRF:0
BRH:0
end_of_record
TN:
SF:C:\Users\9480M\Desktop\nodejs-programming-challenge\dist\models\drivers.js
FNF:0
FNH:0
DA:3,1
DA:5,1
DA:6,1
DA:51,1
LF:4
LH:4
BRF:0
BRH:0
end_of_record
TN:
SF:C:\Users\9480M\Desktop\nodejs-programming-challenge\dist\models\user.js
FNF:0
FNH:0
DA:3,1
DA:5,1
DA:6,1
DA:21,1
LF:4
LH:4
BRF:0
BRH:0
end_of_record
TN:
SF:C:\Users\9480M\Desktop\nodejs-programming-challenge\dist\test\model\distancefunction.js
FN:3,(anonymous_0)
FNF:1
FNH:1
FNDA:1,(anonymous_0)
DA:3,1
DA:4,1
DA:5,0
DA:7,1
DA:8,1
DA:9,1
DA:10,1
DA:11,1
DA:13,1
DA:14,0
DA:17,1
DA:18,1
DA:19,1
DA:21,1
DA:22,1
DA:25,1
DA:26,0
DA:29,1
DA:33,1
LF:19
LH:16
BRDA:4,0,0,0
BRDA:4,0,1,1
BRDA:4,1,0,1
BRDA:4,1,1,0
BRDA:13,2,0,0
BRDA:13,2,1,1
BRDA:21,3,0,1
BRDA:21,3,1,0
BRDA:25,4,0,0
BRDA:25,4,1,1
BRF:10
BRH:5
end_of_record
TN:
SF:C:\Users\9480M\Desktop\nodejs-programming-challenge\src\models\booking.js
FNF:0
FNH:0
DA:1,1
DA:3,1
DA:5,1
DA:36,1
LF:4
LH:4
BRF:0
BRH:0
end_of_record
TN:
SF:C:\Users\9480M\Desktop\nodejs-programming-challenge\src\models\driverlocation.js
FNF:0
FNH:0
DA:1,1
DA:3,1
DA:5,1
DA:25,1
LF:4
LH:4
BRF:0
BRH:0
end_of_record
TN:
SF:C:\Users\9480M\Desktop\nodejs-programming-challenge\src\models\drivers.js
FNF:0
FNH:0
DA:1,1
DA:3,1
DA:5,1
DA:51,1
LF:4
LH:4
BRF:0
BRH:0
end_of_record
TN:
SF:C:\Users\9480M\Desktop\nodejs-programming-challenge\src\models\user.js
FNF:0
FNH:0
DA:1,1
DA:3,1
DA:5,1
DA:23,1
LF:4
LH:4
BRF:0
BRH:0
end_of_record
TN:
SF:C:\Users\9480M\Desktop\nodejs-programming-challenge\src\test\model\distancefunction.js
FN:1,(anonymous_0)
FNF:1
FNH:1
FNDA:2,(anonymous_0)
DA:1,1
DA:2,2
DA:3,0
DA:6,2
DA:7,2
DA:8,2
DA:9,2
DA:10,2
DA:11,2
DA:12,0
DA:14,2
DA:15,2
DA:16,2
DA:17,2
DA:18,2
DA:20,2
DA:21,0
DA:23,2
DA:27,1
LF:19
LH:16
BRDA:2,0,0,0
BRDA:2,0,1,2
BRDA:2,1,0,2
BRDA:2,1,1,0
BRDA:11,2,0,0
BRDA:11,2,1,2
BRDA:17,3,0,2
BRDA:17,3,1,0
BRDA:20,4,0,0
BRDA:20,4,1,2
BRF:10
BRH:5
end_of_record
